# JRE version: Java(TM) SE Runtime Environment (8.0_144-b01) (build 1.8.0_144-b01)
# Java VM: Java HotSpot(TM) Server VM (25.144-b01 mixed mode linux-x86 )
Heap:
 PSYoungGen      total 224768K, used 0K [0x926c0000, 0xa7000000, 0xa7000000)
  eden space 112384K, 0% used [0x926c0000,0x926c0000,0x99480000)
  from space 112384K, 0% used [0xa0240000,0xa0240000,0xa7000000)
  to   space 112384K, 0% used [0x99480000,0x99480000,0xa0240000)
 ParOldGen       total 559616K, used 475039K [0x69400000, 0x8b680000, 0x926c0000)
  object space 559616K, 84% used [0x69400000,0x863e7e00,0x8b680000)
 Metaspace       used 10677K, capacity 10850K, committed 11032K, reserved 11568K
GC Heap History (10 events):
Event: 87.370 GC heap after
Heap after GC invocations=50 (full 6):
 PSYoungGen      total 224768K, used 112379K [0x926c0000, 0xa7000000, 0xa7000000)
  eden space 112384K, 0% used [0x926c0000,0x926c0000,0x99480000)
  from space 112384K, 99% used [0xa0240000,0xa6ffecc0,0xa7000000)
  to   space 112384K, 0% used [0x99480000,0x99480000,0xa0240000)
 ParOldGen       total 443904K, used 381526K [0x69400000, 0x84580000, 0x926c0000)
  object space 443904K, 85% used [0x69400000,0x80895bb0,0x84580000)
 Metaspace       used 10677K, capacity 10850K, committed 11032K, reserved 11568K
}
Event: 88.195 GC heap before
{Heap before GC invocations=51 (full 6):
 PSYoungGen      total 224768K, used 218073K [0x926c0000, 0xa7000000, 0xa7000000)
  eden space 112384K, 94% used [0x926c0000,0x98df7800,0x99480000)
  from space 112384K, 99% used [0xa0240000,0xa6ffecc0,0xa7000000)
  to   space 112384K, 0% used [0x99480000,0x99480000,0xa0240000)
 ParOldGen       total 443904K, used 381526K [0x69400000, 0x84580000, 0x926c0000)
  object space 443904K, 85% used [0x69400000,0x80895bb0,0x84580000)
 Metaspace       used 10677K, capacity 10850K, committed 11032K, reserved 11568K
Event: 88.267 GC heap after
Heap after GC invocations=51 (full 6):
 PSYoungGen      total 224768K, used 112379K [0x926c0000, 0xa7000000, 0xa7000000)
  eden space 112384K, 0% used [0x926c0000,0x926c0000,0x99480000)
  from space 112384K, 99% used [0x99480000,0xa023ecc0,0xa0240000)
  to   space 112384K, 0% used [0xa0240000,0xa0240000,0xa7000000)
 ParOldGen       total 443904K, used 390514K [0x69400000, 0x84580000, 0x926c0000)
  object space 443904K, 87% used [0x69400000,0x8115cbb0,0x84580000)
 Metaspace       used 10677K, capacity 10850K, committed 11032K, reserved 11568K
}
Event: 89.184 GC heap before
{Heap before GC invocations=52 (full 6):
 PSYoungGen      total 224768K, used 224763K [0x926c0000, 0xa7000000, 0xa7000000)
  eden space 112384K, 100% used [0x926c0000,0x99480000,0x99480000)
  from space 112384K, 99% used [0x99480000,0xa023ecc0,0xa0240000)
  to   space 112384K, 0% used [0xa0240000,0xa0240000,0xa7000000)
 ParOldGen       total 500736K, used 447272K [0x69400000, 0x87d00000, 0x926c0000)
  object space 500736K, 89% used [0x69400000,0x848ca218,0x87d00000)
 Metaspace       used 10677K, capacity 10850K, committed 11032K, reserved 11568K
Event: 89.214 GC heap after
Heap after GC invocations=52 (full 6):
 PSYoungGen      total 224768K, used 7888K [0x926c0000, 0xa7000000, 0xa7000000)
  eden space 112384K, 0% used [0x926c0000,0x926c0000,0x99480000)
  from space 112384K, 7% used [0xa0240000,0xa09f4000,0xa7000000)
  to   space 112384K, 0% used [0x99480000,0x99480000,0xa0240000)
 ParOldGen       total 500736K, used 450264K [0x69400000, 0x87d00000, 0x926c0000)
  object space 500736K, 89% used [0x69400000,0x84bb6218,0x87d00000)
 Metaspace       used 10677K, capacity 10850K, committed 11032K, reserved 11568K
}
Event: 89.994 GC heap before
{Heap before GC invocations=53 (full 6):
 PSYoungGen      total 224768K, used 120272K [0x926c0000, 0xa7000000, 0xa7000000)
  eden space 112384K, 100% used [0x926c0000,0x99480000,0x99480000)
  from space 112384K, 7% used [0xa0240000,0xa09f4000,0xa7000000)
  to   space 112384K, 0% used [0x99480000,0x99480000,0xa0240000)
 ParOldGen       total 500736K, used 450264K [0x69400000, 0x87d00000, 0x926c0000)
  object space 500736K, 89% used [0x69400000,0x84bb6218,0x87d00000)
 Metaspace       used 10677K, capacity 10850K, committed 11032K, reserved 11568K
Event: 90.047 GC heap after
Heap after GC invocations=53 (full 6):
 PSYoungGen      total 224768K, used 65365K [0x926c0000, 0xa7000000, 0xa7000000)
  eden space 112384K, 0% used [0x926c0000,0x926c0000,0x99480000)
  from space 112384K, 58% used [0x99480000,0x9d4556a0,0xa0240000)
  to   space 112384K, 0% used [0xa0240000,0xa0240000,0xa7000000)
 ParOldGen       total 500736K, used 458192K [0x69400000, 0x87d00000, 0x926c0000)
  object space 500736K, 91% used [0x69400000,0x85374218,0x87d00000)
 Metaspace       used 10677K, capacity 10850K, committed 11032K, reserved 11568K
}
Event: 90.815 GC heap before
{Heap before GC invocations=54 (full 6):
 PSYoungGen      total 224768K, used 177749K [0x926c0000, 0xa7000000, 0xa7000000)
  eden space 112384K, 100% used [0x926c0000,0x99480000,0x99480000)
  from space 112384K, 58% used [0x99480000,0x9d4556a0,0xa0240000)
  to   space 112384K, 0% used [0xa0240000,0xa0240000,0xa7000000)
 ParOldGen       total 500736K, used 458192K [0x69400000, 0x87d00000, 0x926c0000)
  object space 500736K, 91% used [0x69400000,0x85374218,0x87d00000)
 Metaspace       used 10677K, capacity 10850K, committed 11032K, reserved 11568K
Event: 90.904 GC heap after
Heap after GC invocations=54 (full 6):
 PSYoungGen      total 224768K, used 66245K [0x926c0000, 0xa7000000, 0xa7000000)
  eden space 112384K, 0% used [0x926c0000,0x926c0000,0x99480000)
  from space 112384K, 58% used [0xa0240000,0xa42f16c0,0xa7000000)
  to   space 112384K, 0% used [0x99480000,0x99480000,0xa0240000)
 ParOldGen       total 559616K, used 524630K [0x69400000, 0x8b680000, 0x926c0000)
  object space 559616K, 93% used [0x69400000,0x894558d8,0x8b680000)
 Metaspace       used 10677K, capacity 10850K, committed 11032K, reserved 11568K
}
Event: 90.904 GC heap before
{Heap before GC invocations=55 (full 7):
 PSYoungGen      total 224768K, used 66245K [0x926c0000, 0xa7000000, 0xa7000000)
  eden space 112384K, 0% used [0x926c0000,0x926c0000,0x99480000)
  from space 112384K, 58% used [0xa0240000,0xa42f16c0,0xa7000000)
  to   space 112384K, 0% used [0x99480000,0x99480000,0xa0240000)
 ParOldGen       total 559616K, used 524630K [0x69400000, 0x8b680000, 0x926c0000)
  object space 559616K, 93% used [0x69400000,0x894558d8,0x8b680000)
 Metaspace       used 10677K, capacity 10850K, committed 11032K, reserved 11568K

